<?xml version="1.0" encoding="UTF-8"?>
<testsuite xmlns:xsi="http://www.w3.org/2001/XMLSchema-instance" xsi:noNamespaceSchemaLocation="https://maven.apache.org/surefire/maven-surefire-plugin/xsd/surefire-test-report-3.0.xsd" version="3.0" name="com.devblo.EventManagerTest" time="0.073" tests="6" errors="0" skipped="0" failures="0">
  <properties>
    <property name="java.specification.version" value="17"/>
    <property name="sun.jnu.encoding" value="UTF-8"/>
    <property name="java.class.path" value="/home/furka/Downloads/3rdGrade2ndTerm/BIM492_Design Patterns (Tasarım Desenleri)/TermProject/designpatternsalperen/event-manager/target/test-classes:/home/furka/Downloads/3rdGrade2ndTerm/BIM492_Design Patterns (Tasarım Desenleri)/TermProject/designpatternsalperen/event-manager/target/classes:/home/furka/.m2/repository/junit/junit/4.13.2/junit-4.13.2.jar:/home/furka/.m2/repository/org/hamcrest/hamcrest-core/1.3/hamcrest-core-1.3.jar:/home/furka/.m2/repository/org/jline/jline/3.29.0/jline-3.29.0.jar:/home/furka/.m2/repository/org/junit/jupiter/junit-jupiter/5.13.0-M3/junit-jupiter-5.13.0-M3.jar:/home/furka/.m2/repository/org/junit/jupiter/junit-jupiter-api/5.13.0-M3/junit-jupiter-api-5.13.0-M3.jar:/home/furka/.m2/repository/org/opentest4j/opentest4j/1.3.0/opentest4j-1.3.0.jar:/home/furka/.m2/repository/org/junit/platform/junit-platform-commons/1.13.0-M3/junit-platform-commons-1.13.0-M3.jar:/home/furka/.m2/repository/org/apiguardian/apiguardian-api/1.1.2/apiguardian-api-1.1.2.jar:/home/furka/.m2/repository/org/junit/jupiter/junit-jupiter-params/5.13.0-M3/junit-jupiter-params-5.13.0-M3.jar:/home/furka/.m2/repository/org/junit/jupiter/junit-jupiter-engine/5.13.0-M3/junit-jupiter-engine-5.13.0-M3.jar:/home/furka/.m2/repository/org/junit/platform/junit-platform-engine/1.13.0-M3/junit-platform-engine-1.13.0-M3.jar:"/>
    <property name="java.vm.vendor" value="Eclipse Adoptium"/>
    <property name="sun.arch.data.model" value="64"/>
    <property name="java.vendor.url" value="https://adoptium.net/"/>
    <property name="os.name" value="Linux"/>
    <property name="java.vm.specification.version" value="17"/>
    <property name="sun.java.launcher" value="SUN_STANDARD"/>
    <property name="user.country" value="US"/>
    <property name="sun.boot.library.path" value="/usr/lib/jvm/temurin-17-jdk/lib"/>
    <property name="sun.java.command" value="/home/furka/Downloads/3rdGrade2ndTerm/BIM492_Design Patterns (Tasarım Desenleri)/TermProject/designpatternsalperen/event-manager/target/surefire/surefirebooter-20250507214407075_3.jar /home/furka/Downloads/3rdGrade2ndTerm/BIM492_Design Patterns (Tasarım Desenleri)/TermProject/designpatternsalperen/event-manager/target/surefire 2025-05-07T21-44-05_028-jvmRun1 surefire-20250507214407075_1tmp surefire_0-20250507214407075_2tmp"/>
    <property name="jdk.debug" value="release"/>
    <property name="surefire.test.class.path" value="/home/furka/Downloads/3rdGrade2ndTerm/BIM492_Design Patterns (Tasarım Desenleri)/TermProject/designpatternsalperen/event-manager/target/test-classes:/home/furka/Downloads/3rdGrade2ndTerm/BIM492_Design Patterns (Tasarım Desenleri)/TermProject/designpatternsalperen/event-manager/target/classes:/home/furka/.m2/repository/junit/junit/4.13.2/junit-4.13.2.jar:/home/furka/.m2/repository/org/hamcrest/hamcrest-core/1.3/hamcrest-core-1.3.jar:/home/furka/.m2/repository/org/jline/jline/3.29.0/jline-3.29.0.jar:/home/furka/.m2/repository/org/junit/jupiter/junit-jupiter/5.13.0-M3/junit-jupiter-5.13.0-M3.jar:/home/furka/.m2/repository/org/junit/jupiter/junit-jupiter-api/5.13.0-M3/junit-jupiter-api-5.13.0-M3.jar:/home/furka/.m2/repository/org/opentest4j/opentest4j/1.3.0/opentest4j-1.3.0.jar:/home/furka/.m2/repository/org/junit/platform/junit-platform-commons/1.13.0-M3/junit-platform-commons-1.13.0-M3.jar:/home/furka/.m2/repository/org/apiguardian/apiguardian-api/1.1.2/apiguardian-api-1.1.2.jar:/home/furka/.m2/repository/org/junit/jupiter/junit-jupiter-params/5.13.0-M3/junit-jupiter-params-5.13.0-M3.jar:/home/furka/.m2/repository/org/junit/jupiter/junit-jupiter-engine/5.13.0-M3/junit-jupiter-engine-5.13.0-M3.jar:/home/furka/.m2/repository/org/junit/platform/junit-platform-engine/1.13.0-M3/junit-platform-engine-1.13.0-M3.jar:"/>
    <property name="sun.cpu.endian" value="little"/>
    <property name="user.home" value="/home/furka"/>
    <property name="user.language" value="en"/>
    <property name="java.specification.vendor" value="Oracle Corporation"/>
    <property name="java.version.date" value="2025-04-15"/>
    <property name="java.home" value="/usr/lib/jvm/temurin-17-jdk"/>
    <property name="file.separator" value="/"/>
    <property name="basedir" value="/home/furka/Downloads/3rdGrade2ndTerm/BIM492_Design Patterns (Tasarım Desenleri)/TermProject/designpatternsalperen/event-manager"/>
    <property name="java.vm.compressedOopsMode" value="32-bit"/>
    <property name="line.separator" value="&#10;"/>
    <property name="java.specification.name" value="Java Platform API Specification"/>
    <property name="java.vm.specification.vendor" value="Oracle Corporation"/>
    <property name="surefire.real.class.path" value="/home/furka/Downloads/3rdGrade2ndTerm/BIM492_Design Patterns (Tasarım Desenleri)/TermProject/designpatternsalperen/event-manager/target/surefire/surefirebooter-20250507214407075_3.jar"/>
    <property name="sun.management.compiler" value="HotSpot 64-Bit Tiered Compilers"/>
    <property name="java.runtime.version" value="17.0.15+6"/>
    <property name="user.name" value="furka"/>
    <property name="path.separator" value=":"/>
    <property name="os.version" value="6.14.5-300.fc42.x86_64"/>
    <property name="java.runtime.name" value="OpenJDK Runtime Environment"/>
    <property name="file.encoding" value="UTF-8"/>
    <property name="java.vm.name" value="OpenJDK 64-Bit Server VM"/>
    <property name="java.vendor.version" value="Temurin-17.0.15+6"/>
    <property name="localRepository" value="/home/furka/.m2/repository"/>
    <property name="java.vendor.url.bug" value="https://github.com/adoptium/adoptium-support/issues"/>
    <property name="java.io.tmpdir" value="/tmp"/>
    <property name="java.version" value="17.0.15"/>
    <property name="user.dir" value="/home/furka/Downloads/3rdGrade2ndTerm/BIM492_Design Patterns (Tasarım Desenleri)/TermProject/designpatternsalperen/event-manager"/>
    <property name="os.arch" value="amd64"/>
    <property name="java.vm.specification.name" value="Java Virtual Machine Specification"/>
    <property name="native.encoding" value="UTF-8"/>
    <property name="java.library.path" value="/usr/java/packages/lib:/usr/lib64:/lib64:/lib:/usr/lib"/>
    <property name="java.vm.info" value="mixed mode, sharing"/>
    <property name="java.vendor" value="Eclipse Adoptium"/>
    <property name="java.vm.version" value="17.0.15+6"/>
    <property name="java.specification.maintenance.version" value="1"/>
    <property name="sun.io.unicode.encoding" value="UnicodeLittle"/>
    <property name="java.class.version" value="61.0"/>
  </properties>
  <testcase name="testUserAndEventCreation" classname="com.devblo.EventManagerTest" time="0.026"/>
  <testcase name="testObserversDoNotDuplicateAfterUpdate" classname="com.devblo.EventManagerTest" time="0.009">
    <system-out><![CDATA[User 'bob' was notified: Event 'Tech Talk' has been updated.
✅ Event updated.
]]></system-out>
  </testcase>
  <testcase name="testEventUpdateAndUndo" classname="com.devblo.EventManagerTest" time="0.003">
    <system-out><![CDATA[Actual class of event in map: original com.devblo.decorators.CategoryDecorator
TagDecorator.getTags()
[ONLINE, FREE_ENTRY]
[SEMINAR]
✅ Event updated.
Actual class of event in map: com.devblo.decorators.CategoryDecorator
TagDecorator.getTags()
Tags: [FAMILY_FRIENDLY]
TagDecorator.getTags()
[FAMILY_FRIENDLY]
[WORKSHOP]
TagDecorator.getTags()
↩️ Undo: Reverted event to original version.
TagDecorator.getTags()
Reverted Tags: [ONLINE, FREE_ENTRY]
Reverted Class: CategoryDecorator
TagDecorator.getTags()
]]></system-out>
  </testcase>
  <testcase name="testDecoratorTagLimitAndDuplication" classname="com.devblo.EventManagerTest" time="0.001">
    <system-out><![CDATA[TagDecorator.getTags()
]]></system-out>
  </testcase>
  <testcase name="testRegistrationAndUnregistration" classname="com.devblo.EventManagerTest" time="0.001"/>
  <testcase name="testObserverNotification" classname="com.devblo.EventManagerTest" time="0.002"/>
</testsuite>